chrom	pos	ref	reads_all	reads_pp	matches	matches_pp	mismatches	mismatches_pp	deletions	deletions_pp	insertions	insertions_pp	A	A_pp	C	C_pp	T	T_pp	G	G_pp	N	N_pp
10	121481858	A	2	2	2	2	0	0	0	0	0	0	2	2	0	0	0	0	0	0	0	0
10	121481859	G	3	3	3	3	0	0	0	0	0	0	0	0	0	0	0	0	3	3	0	0
10	121481860	G	3	3	3	3	0	0	0	0	0	0	0	0	0	0	0	0	3	3	0	0
10	121481861	G	3	3	3	3	0	0	0	0	0	0	0	0	0	0	0	0	3	3	0	0
10	121481862	A	3	3	3	3	0	0	0	0	1	1	3	3	0	0	0	0	0	0	0	0
10	121481863	G	3	3	3	3	0	0	0	0	0	0	0	0	0	0	0	0	3	3	0	0
10	121481864	G	5	5	5	5	0	0	0	0	0	0	0	0	0	0	0	0	5	5	0	0
10	121481865	T	6	6	2	2	4	4	0	0	0	0	0	0	0	0	2	2	4	4	0	0
10	121481866	G	7	7	7	7	0	0	0	0	0	0	0	0	0	0	0	0	7	7	0	0
10	121481867	G	7	7	7	7	0	0	0	0	0	0	0	0	0	0	0	0	7	7	0	0
10	121481868	G	8	8	8	8	0	0	0	0	0	0	0	0	0	0	0	0	8	8	0	0
10	121481869	G	8	8	8	8	0	0	0	0	0	0	0	0	0	0	0	0	8	8	0	0
10	121481870	G	8	8	8	8	0	0	0	0	0	0	0	0	0	0	0	0	8	8	0	0
10	121481871	G	8	8	8	8	0	0	0	0	0	0	0	0	0	0	0	0	8	8	0	0
10	121481872	G	8	8	7	7	1	1	0	0	0	0	0	0	0	0	1	1	7	7	0	0
10	121481873	T	8	8	6	6	2	2	0	0	0	0	0	0	1	1	6	6	1	1	0	0
10	121481874	C	9	9	9	9	0	0	0	0	0	0	0	0	9	9	0	0	0	0	0	0
10	121481875	A	12	12	11	11	1	1	0	0	0	0	11	11	1	1	0	0	0	0	0	0
10	121481876	G	13	13	13	13	0	0	0	0	0	0	0	0	0	0	0	0	13	13	0	0
10	121481877	C	13	13	13	13	0	0	0	0	0	0	0	0	13	13	0	0	0	0	0	0
10	121481878	C	15	15	14	14	1	1	0	0	0	0	0	0	14	14	0	0	1	1	0	0
10	121481879	C	16	16	16	16	0	0	0	0	0	0	0	0	16	16	0	0	0	0	0	0
10	121481880	C	18	18	18	18	0	0	0	0	0	0	0	0	18	18	0	0	0	0	0	0
10	121481881	C	18	18	18	18	0	0	0	0	0	0	0	0	18	18	0	0	0	0	0	0
10	121481882	C	19	19	19	19	0	0	0	0	0	0	0	0	19	19	0	0	0	0	0	0
10	121481883	G	19	19	18	18	1	1	0	0	0	0	0	0	1	1	0	0	18	18	0	0
10	121481884	C	19	19	19	19	0	0	0	0	0	0	0	0	19	19	0	0	0	0	0	0
10	121481885	C	19	19	19	19	0	0	0	0	0	0	0	0	19	19	0	0	0	0	0	0
10	121481886	C	19	19	18	18	1	1	0	0	0	0	1	1	18	18	0	0	0	0	0	0
10	121481887	G	19	19	19	19	0	0	0	0	0	0	0	0	0	0	0	0	19	19	0	0
10	121481888	G	19	19	19	19	0	0	0	0	0	0	0	0	0	0	0	0	19	19	0	0
10	121481889	C	19	19	18	18	1	1	0	0	0	0	0	0	18	18	0	0	1	1	0	0
10	121481890	C	20	20	19	19	1	1	0	0	0	0	1	1	19	19	0	0	0	0	0	0
10	121481891	A	20	20	17	17	3	3	0	0	0	0	17	17	3	3	0	0	0	0	0	0
10	121481892	G	20	20	20	20	0	0	0	0	0	0	0	0	0	0	0	0	20	20	0	0
10	121481893	C	20	20	20	20	0	0	0	0	0	0	0	0	20	20	0	0	0	0	0	0
10	121481894	C	20	20	20	20	0	0	0	0	0	0	0	0	20	20	0	0	0	0	0	0
10	121481895	G	22	22	20	20	2	2	0	0	0	0	0	0	2	2	0	0	20	20	0	0
10	121481896	C	24	24	24	24	0	0	0	0	0	0	0	0	24	24	0	0	0	0	0	0
10	121481897	C	25	25	25	25	0	0	0	0	0	0	0	0	25	25	0	0	0	0	0	0
10	121481898	C	25	25	25	25	0	0	0	0	0	0	0	0	25	25	0	0	0	0	0	0
10	121481899	C	25	25	25	25	0	0	0	0	0	0	0	0	25	25	0	0	0	0	0	0
10	121481900	G	26	26	26	26	0	0	0	0	0	0	0	0	0	0	0	0	26	26	0	0
10	121481901	T	27	27	23	23	4	4	0	0	0	0	0	0	2	2	23	23	2	2	0	0
10	121481902	C	28	28	27	27	1	1	0	0	0	0	0	0	27	27	1	1	0	0	0	0
10	121481903	G	28	28	26	26	2	2	0	0	0	0	0	0	1	1	1	1	26	26	0	0
10	121481904	G	28	28	28	28	0	0	0	0	0	0	0	0	0	0	0	0	28	28	0	0
10	121481905	G	29	28	29	28	0	0	0	0	0	0	0	0	0	0	0	0	29	28	0	0
10	121481906	G	29	28	29	28	0	0	0	0	0	0	0	0	0	0	0	0	29	28	0	0
10	121481907	A	29	28	25	24	4	4	0	0	0	0	25	24	2	2	0	0	2	2	0	0
10	121481908	G	29	28	29	28	0	0	0	0	0	0	0	0	0	0	0	0	29	28	0	0
10	121481909	G	29	28	29	28	0	0	0	0	0	0	0	0	0	0	0	0	29	28	0	0
10	121481910	G	29	28	29	28	0	0	0	0	0	0	0	0	0	0	0	0	29	28	0	0
10	121481911	A	31	30	28	27	3	3	0	0	0	0	28	27	1	1	0	0	2	2	0	0
10	121481912	G	31	30	31	30	0	0	0	0	0	0	0	0	0	0	0	0	31	30	0	0
10	121481913	G	32	31	32	31	0	0	0	0	0	0	0	0	0	0	0	0	32	31	0	0
10	121481914	T	33	32	26	25	7	7	0	0	0	0	0	0	0	0	26	25	7	7	0	0
10	121481915	G	33	32	33	32	0	0	0	0	0	0	0	0	0	0	0	0	33	32	0	0
10	121481916	G	34	33	34	33	0	0	0	0	0	0	0	0	0	0	0	0	34	33	0	0
10	121481917	G	35	34	35	34	0	0	0	0	0	0	0	0	0	0	0	0	35	34	0	0
10	121481918	G	35	34	35	34	0	0	0	0	0	0	0	0	0	0	0	0	35	34	0	0
10	121481919	G	35	34	35	34	0	0	0	0	0	0	0	0	0	0	0	0	35	34	0	0
10	121481920	G	35	34	33	32	2	2	0	0	1	1	0	0	2	2	0	0	33	32	0	0
10	121481921	A	35	34	30	29	5	5	0	0	0	0	30	29	0	0	0	0	5	5	0	0
10	121481922	T	35	34	30	29	5	5	0	0	0	0	0	0	0	0	30	29	5	5	0	0
10	121481923	C	36	35	34	33	1	1	1	1	0	0	1	1	34	33	0	0	0	0	0	0
10	121481924	A	37	36	33	32	3	3	1	1	0	0	33	32	1	1	0	0	2	2	0	0
10	121481925	G	37	36	37	36	0	0	0	0	0	0	0	0	0	0	0	0	37	36	0	0
10	121481926	G	38	37	37	36	1	1	0	0	0	0	0	0	1	1	0	0	37	36	0	0
10	121481927	C	38	37	38	37	0	0	0	0	0	0	0	0	38	37	0	0	0	0	0	0
10	121481928	C	39	38	38	37	1	1	0	0	0	0	0	0	38	37	1	1	0	0	0	0
10	121481929	C	39	38	38	37	1	1	0	0	0	0	1	1	38	37	0	0	0	0	0	0
10	121481930	C	40	39	40	39	0	0	0	0	0	0	0	0	40	39	0	0	0	0	0	0
10	121481931	T	40	39	34	33	6	6	0	0	0	0	0	0	5	5	34	33	1	1	0	0
10	121481932	G	42	41	42	41	0	0	0	0	0	0	0	0	0	0	0	0	42	41	0	0
10	121481933	C	43	42	42	41	1	1	0	0	0	0	0	0	42	41	0	0	1	1	0	0
10	121481934	C	43	42	42	41	1	1	0	0	0	0	0	0	42	41	0	0	1	1	0	0
10	121481935	C	43	42	43	42	0	0	0	0	0	0	0	0	43	42	0	0	0	0	0	0
10	121481936	G	44	43	44	43	0	0	0	0	0	0	0	0	0	0	0	0	44	43	0	0
10	121481937	G	44	43	44	43	0	0	0	0	0	0	0	0	0	0	0	0	44	43	0	0
10	121481938	C	44	43	43	42	1	1	0	0	0	0	0	0	43	42	1	1	0	0	0	0
10	121481939	C	44	43	44	43	0	0	0	0	0	0	0	0	44	43	0	0	0	0	0	0
10	121481940	A	44	43	40	39	4	4	0	0	0	0	40	39	0	0	1	1	3	3	0	0
10	121481941	G	44	43	43	42	1	1	0	0	0	0	0	0	1	1	0	0	43	42	0	0
10	121481942	C	44	43	43	42	1	1	0	0	0	0	0	0	43	42	0	0	1	1	0	0
10	121481943	C	46	45	45	44	1	1	0	0	0	0	0	0	45	44	0	0	1	1	0	0
10	121481944	G	47	46	45	44	2	2	0	0	0	0	0	0	2	2	0	0	45	44	0	0
10	121481945	C	47	46	47	46	0	0	0	0	0	0	0	0	47	46	0	0	0	0	0	0
10	121481946	C	48	47	47	46	1	1	0	0	0	0	0	0	47	46	1	1	0	0	0	0
10	121481947	C	48	47	48	47	0	0	0	0	0	0	0	0	48	47	0	0	0	0	0	0
10	121481948	C	48	47	47	46	1	1	0	0	0	0	0	0	47	46	1	1	0	0	0	0
10	121481949	G	48	47	48	47	0	0	0	0	0	0	0	0	0	0	0	0	48	47	0	0
10	121481950	T	49	48	46	45	3	3	0	0	0	0	0	0	1	1	46	45	2	2	0	0
10	121481951	C	49	48	49	48	0	0	0	0	0	0	0	0	49	48	0	0	0	0	0	0
10	121481952	C	50	49	50	49	0	0	0	0	1	1	0	0	50	49	0	0	0	0	0	0
10	121481953	G	50	49	50	49	0	0	0	0	0	0	0	0	0	0	0	0	50	49	0	0
10	121481954	G	51	50	51	50	0	0	0	0	0	0	0	0	0	0	0	0	51	50	0	0
10	121481955	G	52	51	52	51	0	0	0	0	0	0	0	0	0	0	0	0	52	51	0	0
10	121481956	A	52	51	48	47	4	4	0	0	0	0	48	47	1	1	0	0	3	3	0	0
10	121481957	G	52	51	52	51	0	0	0	0	0	0	0	0	0	0	0	0	52	51	0	0
10	121481958	G	53	52	53	52	0	0	0	0	0	0	0	0	0	0	0	0	53	52	0	0
10	121481959	G	56	55	56	55	0	0	0	0	0	0	0	0	0	0	0	0	56	55	0	0
10	121481960	A	57	56	55	54	2	2	0	0	0	0	55	54	0	0	0	0	2	2	0	0
10	121481961	G	57	56	57	56	0	0	0	0	0	0	0	0	0	0	0	0	57	56	0	0
10	121481962	G	58	57	58	57	0	0	0	0	0	0	0	0	0	0	0	0	58	57	0	0
10	121481963	T	59	58	53	52	6	6	0	0	0	0	0	0	0	0	53	52	6	6	0	0
10	121481964	G	62	61	62	61	0	0	0	0	0	0	0	0	0	0	0	0	62	61	0	0
10	121481965	G	63	62	62	61	1	1	0	0	0	0	1	1	0	0	0	0	62	61	0	0
10	121481966	G	63	62	62	61	1	1	0	0	0	0	0	0	0	0	1	1	62	61	0	0
10	121481967	G	63	62	63	62	0	0	0	0	0	0	0	0	0	0	0	0	63	62	0	0
10	121481968	G	63	62	63	62	0	0	0	0	0	0	0	0	0	0	0	0	63	62	0	0
10	121481969	G	64	63	64	63	0	0	0	0	0	0	0	0	0	0	0	0	64	63	0	0
10	121481970	G	64	63	64	63	0	0	0	0	0	0	0	0	0	0	0	0	64	63	0	0
10	121481971	T	67	66	59	58	8	8	0	0	0	0	0	0	2	2	59	58	6	6	0	0
10	121481972	C	67	66	67	66	0	0	0	0	0	0	0	0	67	66	0	0	0	0	0	0
10	121481973	A	67	66	64	63	3	3	0	0	0	0	64	63	2	2	0	0	1	1	0	0
10	121481974	G	69	68	69	68	0	0	0	0	0	0	0	0	0	0	0	0	69	68	0	0
10	121481975	C	70	69	69	68	1	1	0	0	0	0	0	0	69	68	0	0	1	1	0	0
10	121481976	C	70	69	68	67	2	2	0	0	0	0	1	1	68	67	0	0	1	1	0	0
10	121481977	C	71	70	70	69	1	1	0	0	0	0	0	0	70	69	0	0	1	1	0	0
10	121481978	C	72	71	72	71	0	0	0	0	0	0	0	0	72	71	0	0	0	0	0	0
10	121481979	C	73	72	71	70	2	2	0	0	0	0	0	0	71	70	1	1	1	1	0	0
10	121481980	T	73	72	64	63	9	9	0	0	0	0	0	0	7	7	64	63	2	2	0	0
10	121481981	G	77	75	77	75	0	0	0	0	0	0	0	0	0	0	0	0	77	75	0	0
10	121481982	C	77	75	75	73	2	2	0	0	0	0	0	0	75	73	0	0	2	2	0	0
10	121481983	C	78	75	78	75	0	0	0	0	0	0	0	0	78	75	0	0	0	0	0	0
10	121481984	C	78	75	75	72	3	3	0	0	0	0	2	2	75	72	1	1	0	0	0	0
10	121481985	G	79	76	77	74	2	2	0	0	0	0	0	0	2	2	0	0	77	74	0	0
10	121481986	G	82	78	82	78	0	0	0	0	0	0	0	0	0	0	0	0	82	78	0	0
10	121481987	C	87	82	84	80	3	2	0	0	0	0	1	1	84	80	0	0	2	1	0	0
10	121481988	C	90	83	90	83	0	0	0	0	0	0	0	0	90	83	0	0	0	0	0	0
10	121481989	A	90	83	82	78	8	5	0	0	0	0	82	78	7	4	0	0	1	1	0	0
10	121481990	G	101	90	100	89	0	0	1	1	0	0	0	0	0	0	0	0	100	89	0	0
10	121481991	C	103	91	103	91	0	0	0	0	0	0	0	0	103	91	0	0	0	0	0	0
10	121481992	C	106	94	106	94	0	0	0	0	0	0	0	0	106	94	0	0	0	0	0	0
10	121481993	G	110	97	107	95	3	2	0	0	0	0	0	0	3	2	0	0	107	95	0	0
10	121481994	C	123	108	123	108	0	0	0	0	0	0	0	0	123	108	0	0	0	0	0	0
10	121481995	C	124	109	122	108	2	1	0	0	0	0	0	0	122	108	1	0	1	1	0	0
10	121481996	C	126	111	125	110	1	1	0	0	0	0	0	0	125	110	1	1	0	0	0	0
10	121481997	C	126	111	123	109	3	2	0	0	0	0	2	2	123	109	1	0	0	0	0	0
10	121481998	G	128	111	125	109	3	2	0	0	0	0	3	2	0	0	0	0	125	109	0	0
10	121481999	T	131	112	127	108	4	4	0	0	0	0	0	0	0	0	127	108	4	4	0	0
10	121482000	C	132	113	132	113	0	0	0	0	0	0	0	0	132	113	0	0	0	0	0	0
10	121482001	T	133	114	128	109	5	5	0	0	0	0	0	0	0	0	128	109	5	5	0	0
10	121482002	G	133	114	133	114	0	0	0	0	0	0	0	0	0	0	0	0	133	114	0	0
10	121482003	G	133	114	131	112	2	2	0	0	0	0	1	1	0	0	1	1	131	112	0	0
10	121482004	G	134	115	133	114	1	1	0	0	0	0	0	0	1	1	0	0	133	114	0	0
10	121482005	A	134	115	134	115	0	0	0	0	0	0	134	115	0	0	0	0	0	0	0	0
10	121482006	G	134	115	121	105	13	10	0	0	0	0	2	2	1	1	10	7	121	105	0	0
10	121482007	G	133	114	133	114	0	0	0	0	0	0	0	0	0	0	0	0	133	114	0	0
10	121482008	T	131	112	119	100	12	12	0	0	0	0	1	1	0	0	119	100	11	11	0	0
10	121482009	G	130	111	130	111	0	0	0	0	0	0	0	0	0	0	0	0	130	111	0	0
10	121482010	A	129	110	126	107	3	3	0	0	0	0	126	107	1	1	0	0	2	2	0	0
10	121482011	G	128	109	127	108	1	1	0	0	0	0	0	0	1	1	0	0	127	108	0	0
10	121482012	G	128	109	127	108	1	1	0	0	0	0	0	0	1	1	0	0	127	108	0	0
10	121482013	A	127	108	122	103	5	5	0	0	0	0	122	103	4	4	0	0	1	1	0	0
10	121482014	G	125	106	123	104	1	1	1	1	0	0	0	0	1	1	0	0	123	104	0	0
10	121482015	C	123	104	122	103	0	0	1	1	0	0	0	0	122	103	0	0	0	0	0	0
10	121482016	G	123	104	120	101	3	3	0	0	0	0	0	0	2	2	1	1	120	101	0	0
10	121482017	C	123	104	121	102	2	2	0	0	0	0	0	0	121	102	1	1	1	1	0	0
10	121482018	C	122	103	119	101	2	1	1	1	0	0	1	1	119	101	0	0	1	0	0	0
10	121482019	T	122	103	119	100	2	2	1	1	0	0	0	0	1	1	119	100	1	1	0	0
10	121482020	C	122	103	122	103	0	0	0	0	0	0	0	0	122	103	0	0	0	0	0	0
10	121482021	T	122	103	120	101	2	2	0	0	0	0	0	0	2	2	120	101	0	0	0	0
10	121482022	G	122	103	122	103	0	0	0	0	0	0	0	0	0	0	0	0	122	103	0	0
10	121482023	C	122	103	121	102	1	1	0	0	0	0	0	0	121	102	0	0	1	1	0	0
10	121482024	C	121	102	120	101	1	1	0	0	0	0	0	0	120	101	0	0	1	1	0	0
10	121482025	C	117	98	117	98	0	0	0	0	0	0	0	0	117	98	0	0	0	0	0	0
10	121482026	G	116	97	113	94	3	3	0	0	0	0	0	0	2	2	1	1	113	94	0	0
10	121482027	G	116	97	116	97	0	0	0	0	0	0	0	0	0	0	0	0	116	97	0	0
10	121482028	C	113	94	112	93	1	1	0	0	0	0	0	0	112	93	0	0	1	1	0	0
10	121482029	C	113	94	113	94	0	0	0	0	0	0	0	0	113	94	0	0	0	0	0	0
10	121482030	G	111	92	109	90	2	2	0	0	0	0	2	2	0	0	0	0	109	90	0	0
10	121482031	C	110	92	110	92	0	0	0	0	0	0	0	0	110	92	0	0	0	0	0	0
10	121482032	C	109	91	109	91	0	0	0	0	0	0	0	0	109	91	0	0	0	0	0	0
10	121482033	C	109	91	109	91	0	0	0	0	0	0	0	0	109	91	0	0	0	0	0	0
10	121482034	C	109	91	109	91	0	0	0	0	0	0	0	0	109	91	0	0	0	0	0	0
10	121482035	T	108	91	103	86	5	5	0	0	0	0	1	1	0	0	103	86	4	4	0	0
10	121482036	A	106	91	99	84	7	7	0	0	0	0	99	84	3	3	4	4	0	0	0	0
10	121482037	C	106	91	106	91	0	0	0	0	0	0	0	0	106	91	0	0	0	0	0	0
10	121482038	T	106	91	104	89	2	2	0	0	0	0	0	0	2	2	104	89	0	0	0	0
10	121482039	G	106	91	106	91	0	0	0	0	0	0	0	0	0	0	0	0	106	91	0	0
10	121482040	G	102	89	100	87	2	2	0	0	0	0	2	2	0	0	0	0	100	87	0	0
10	121482041	G	101	88	100	87	1	1	0	0	0	0	0	0	0	0	1	1	100	87	0	0
10	121482042	A	101	88	98	85	3	3	0	0	0	0	98	85	0	0	0	0	3	3	0	0
10	121482043	A	100	88	96	84	4	4	0	0	0	0	96	84	1	1	0	0	3	3	0	0
10	121482044	G	100	88	100	88	0	0	0	0	0	0	0	0	0	0	0	0	100	88	0	0
10	121482045	T	98	86	96	86	2	0	0	0	0	0	0	0	0	0	96	86	2	0	0	0
10	121482046	G	94	84	94	84	0	0	0	0	0	0	0	0	0	0	0	0	94	84	0	0
10	121482047	A	92	83	92	83	0	0	0	0	0	0	92	83	0	0	0	0	0	0	0	0
10	121482048	G	90	82	90	82	0	0	0	0	0	0	0	0	0	0	0	0	90	82	0	0
10	121482049	G	90	82	90	82	0	0	0	0	0	0	0	0	0	0	0	0	90	82	0	0
10	121482050	A	89	81	88	80	1	1	0	0	0	0	88	80	0	0	0	0	1	1	0	0
10	121482051	G	88	80	86	78	2	2	0	0	0	0	0	0	2	2	0	0	86	78	0	0
10	121482052	C	87	79	87	79	0	0	0	0	0	0	0	0	87	79	0	0	0	0	0	0
10	121482053	C	87	79	87	79	0	0	0	0	0	0	0	0	87	79	0	0	0	0	0	0
10	121482054	C	85	77	85	77	0	0	0	0	0	0	0	0	85	77	0	0	0	0	0	0
10	121482055	C	84	77	84	77	0	0	0	0	0	0	0	0	84	77	0	0	0	0	0	0
10	121482056	T	84	77	83	76	1	1	0	0	0	0	0	0	0	0	83	76	1	1	0	0
10	121482057	C	83	76	83	76	0	0	0	0	0	0	0	0	83	76	0	0	0	0	0	0
10	121482058	T	83	76	82	75	1	1	0	0	0	0	1	1	0	0	82	75	0	0	0	0
10	121482059	G	80	75	80	75	0	0	0	0	0	0	0	0	0	0	0	0	80	75	0	0
10	121482060	C	79	75	79	75	0	0	0	0	0	0	0	0	79	75	0	0	0	0	0	0
10	121482061	C	77	73	75	71	2	2	0	0	0	0	0	0	75	71	0	0	2	2	0	0
10	121482062	C	77	73	77	73	0	0	0	0	0	0	0	0	77	73	0	0	0	0	0	0
10	121482063	G	74	70	74	70	0	0	0	0	0	0	0	0	0	0	0	0	74	70	0	0
10	121482064	G	73	69	73	69	0	0	0	0	0	0	0	0	0	0	0	0	73	69	0	0
10	121482065	C	72	68	72	68	0	0	0	0	0	0	0	0	72	68	0	0	0	0	0	0
10	121482066	C	69	65	67	63	2	2	0	0	0	0	0	0	67	63	2	2	0	0	0	0
10	121482067	A	68	64	67	63	1	1	0	0	0	0	67	63	0	0	0	0	1	1	0	0
10	121482068	C	66	63	65	62	1	1	0	0	0	0	0	0	65	62	0	0	1	1	0	0
10	121482069	C	65	62	65	62	0	0	0	0	0	0	0	0	65	62	0	0	0	0	0	0
10	121482070	A	64	61	62	60	2	1	0	0	0	0	62	60	0	0	0	0	2	1	0	0
10	121482071	C	64	61	64	61	0	0	0	0	0	0	0	0	64	61	0	0	0	0	0	0
10	121482072	C	62	59	62	59	0	0	0	0	0	0	0	0	62	59	0	0	0	0	0	0
10	121482073	C	61	58	60	57	1	1	0	0	0	0	0	0	60	57	0	0	1	1	0	0
10	121482074	C	59	56	59	56	0	0	0	0	0	0	0	0	59	56	0	0	0	0	0	0
10	121482075	G	58	55	57	54	1	1	0	0	0	0	1	1	0	0	0	0	57	54	0	0
10	121482076	T	57	54	57	54	0	0	0	0	0	0	0	0	0	0	57	54	0	0	0	0
10	121482077	C	55	52	55	52	0	0	0	0	0	0	0	0	55	52	0	0	0	0	0	0
10	121482078	T	53	50	53	50	0	0	0	0	0	0	0	0	0	0	53	50	0	0	0	0
10	121482079	G	52	49	52	49	0	0	0	0	0	0	0	0	0	0	0	0	52	49	0	0
10	121482080	G	50	47	50	47	0	0	0	0	0	0	0	0	0	0	0	0	50	47	0	0
10	121482081	G	50	47	50	47	0	0	0	0	0	0	0	0	0	0	0	0	50	47	0	0
10	121482082	A	49	46	48	45	1	1	0	0	0	0	48	45	1	1	0	0	0	0	0	0
10	121482083	G	49	46	49	46	0	0	0	0	0	0	0	0	0	0	0	0	49	46	0	0
10	121482084	G	49	46	49	46	0	0	0	0	0	0	0	0	0	0	0	0	49	46	0	0
10	121482085	T	49	46	49	46	0	0	0	0	0	0	0	0	0	0	49	46	0	0	0	0
10	121482086	G	48	45	47	44	1	1	0	0	0	0	1	1	0	0	0	0	47	44	0	0
10	121482087	T	47	45	46	44	1	1	0	0	0	0	0	0	0	0	46	44	1	1	0	0
10	121482088	G	47	45	47	45	0	0	0	0	0	0	0	0	0	0	0	0	47	45	0	0
10	121482089	C	47	45	47	45	0	0	0	0	0	0	0	0	47	45	0	0	0	0	0	0
10	121482090	C	47	45	46	44	1	1	0	0	0	0	1	1	46	44	0	0	0	0	0	0
10	121482091	C	46	44	45	43	1	1	0	0	0	0	0	0	45	43	0	0	1	1	0	0
10	121482092	A	46	44	46	44	0	0	0	0	0	0	46	44	0	0	0	0	0	0	0	0
10	121482093	A	45	43	45	43	0	0	0	0	0	0	45	43	0	0	0	0	0	0	0	0
10	121482094	C	43	42	43	42	0	0	0	0	0	0	0	0	43	42	0	0	0	0	0	0
10	121482095	A	43	42	42	41	1	1	0	0	0	0	42	41	1	1	0	0	0	0	0	0
10	121482096	G	42	41	42	41	0	0	0	0	0	0	0	0	0	0	0	0	42	41	0	0
10	121482097	C	41	40	40	39	1	1	0	0	0	0	1	1	40	39	0	0	0	0	0	0
10	121482098	T	41	40	41	40	0	0	0	0	0	0	0	0	0	0	41	40	0	0	0	0
10	121482099	C	41	40	40	39	1	1	0	0	0	0	0	0	40	39	0	0	1	1	0	0
10	121482100	A	39	38	39	38	0	0	0	0	0	0	39	38	0	0	0	0	0	0	0	0
10	121482101	T	39	38	39	38	0	0	0	0	0	0	0	0	0	0	39	38	0	0	0	0
10	121482102	T	38	37	37	36	1	1	0	0	0	0	0	0	0	0	37	36	1	1	0	0
10	121482103	G	38	37	38	37	0	0	0	0	0	0	0	0	0	0	0	0	38	37	0	0
10	121482104	A	37	36	35	34	2	2	0	0	0	0	35	34	1	1	0	0	1	1	0	0
10	121482105	G	36	35	36	35	0	0	0	0	0	0	0	0	0	0	0	0	36	35	0	0
10	121482106	A	36	35	36	35	0	0	0	0	0	0	36	35	0	0	0	0	0	0	0	0
10	121482107	A	36	35	35	34	1	1	0	0	0	0	35	34	0	0	0	0	1	1	0	0
10	121482108	C	33	32	32	32	1	0	0	0	0	0	0	0	32	32	0	0	1	0	0	0
10	121482109	G	30	29	30	29	0	0	0	0	0	0	0	0	0	0	0	0	30	29	0	0
10	121482110	G	28	28	28	28	0	0	0	0	0	0	0	0	0	0	0	0	28	28	0	0
10	121482111	G	28	28	28	28	0	0	0	0	0	0	0	0	0	0	0	0	28	28	0	0
10	121482112	C	27	27	27	27	0	0	0	0	0	0	0	0	27	27	0	0	0	0	0	0
10	121482113	C	26	26	26	26	0	0	0	0	0	0	0	0	26	26	0	0	0	0	0	0
10	121482114	A	24	24	24	24	0	0	0	0	0	0	24	24	0	0	0	0	0	0	0	0
10	121482115	G	23	23	23	23	0	0	0	0	0	0	0	0	0	0	0	0	23	23	0	0
10	121482116	G	23	23	23	23	0	0	0	0	0	0	0	0	0	0	0	0	23	23	0	0
10	121482117	A	23	23	22	22	1	1	0	0	0	0	22	22	1	1	0	0	0	0	0	0
10	121482118	T	23	23	23	23	0	0	0	0	0	0	0	0	0	0	23	23	0	0	0	0
10	121482119	G	22	22	22	22	0	0	0	0	0	0	0	0	0	0	0	0	22	22	0	0
10	121482120	A	22	22	22	22	0	0	0	0	0	0	22	22	0	0	0	0	0	0	0	0
10	121482121	C	21	21	21	21	0	0	0	0	0	0	0	0	21	21	0	0	0	0	0	0
10	121482122	A	21	21	21	21	0	0	0	0	0	0	21	21	0	0	0	0	0	0	0	0
10	121482123	A	21	21	21	21	0	0	0	0	0	0	21	21	0	0	0	0	0	0	0	0
10	121482124	T	20	20	20	20	0	0	0	0	0	0	0	0	0	0	20	20	0	0	0	0
10	121482125	G	19	19	19	19	0	0	0	0	0	0	0	0	0	0	0	0	19	19	0	0
10	121482126	G	19	19	19	19	0	0	0	0	0	0	0	0	0	0	0	0	19	19	0	0
10	121482127	C	18	18	18	18	0	0	0	0	0	0	0	0	18	18	0	0	0	0	0	0
10	121482128	G	17	17	17	17	0	0	0	0	0	0	0	0	0	0	0	0	17	17	0	0
10	121482129	G	16	16	16	16	0	0	0	0	0	0	0	0	0	0	0	0	16	16	0	0
10	121482130	C	16	16	16	16	0	0	0	0	0	0	0	0	16	16	0	0	0	0	0	0
10	121482131	T	15	15	15	15	0	0	0	0	0	0	0	0	0	0	15	15	0	0	0	0
10	121482132	T	15	15	14	14	1	1	0	0	0	0	0	0	0	0	14	14	1	1	0	0
10	121482133	T	15	15	15	15	0	0	0	0	0	0	0	0	0	0	15	15	0	0	0	0
10	121482134	G	14	14	14	14	0	0	0	0	0	0	0	0	0	0	0	0	14	14	0	0
10	121482135	T	13	13	13	13	0	0	0	0	0	0	0	0	0	0	13	13	0	0	0	0
10	121482136	G	11	11	11	11	0	0	0	0	0	0	0	0	0	0	0	0	11	11	0	0
10	121482137	G	10	10	10	10	0	0	0	0	0	0	0	0	0	0	0	0	10	10	0	0
10	121482138	A	10	10	10	10	0	0	0	0	0	0	10	10	0	0	0	0	0	0	0	0
10	121482139	A	10	10	10	10	0	0	0	0	0	0	10	10	0	0	0	0	0	0	0	0
10	121482140	T	10	10	10	10	0	0	0	0	0	0	0	0	0	0	10	10	0	0	0	0
10	121482141	A	9	9	9	9	0	0	0	0	0	0	9	9	0	0	0	0	0	0	0	0
10	121482142	G	7	7	7	7	0	0	0	0	0	0	0	0	0	0	0	0	7	7	0	0
10	121482143	A	5	5	5	5	0	0	0	0	0	0	5	5	0	0	0	0	0	0	0	0
10	121482144	A	5	5	5	5	0	0	0	0	0	0	5	5	0	0	0	0	0	0	0	0
10	121482145	G	5	5	5	5	0	0	0	0	0	0	0	0	0	0	0	0	5	5	0	0
10	121482146	G	3	3	3	3	0	0	0	0	0	0	0	0	0	0	0	0	3	3	0	0
10	121482147	C	3	3	3	3	0	0	0	0	0	0	0	0	3	3	0	0	0	0	0	0
10	121482148	G	3	3	3	3	0	0	0	0	0	0	0	0	0	0	0	0	3	3	0	0
10	121482149	G	3	3	3	3	0	0	0	0	0	0	0	0	0	0	0	0	3	3	0	0
10	121482150	G	2	2	2	2	0	0	0	0	0	0	0	0	0	0	0	0	2	2	0	0
10	121482151	A	1	1	1	1	0	0	0	0	0	0	1	1	0	0	0	0	0	0	0	0
10	121482152	A	1	1	1	1	0	0	0	0	0	0	1	1	0	0	0	0	0	0	0	0
10	121482153	A	1	1	1	1	0	0	0	0	0	0	1	1	0	0	0	0	0	0	0	0
