chrom	pos	ref	reads_all	reads_pp	matches	matches_pp	mismatches	mismatches_pp	deletions	deletions_pp	insertions	insertions_pp	A	A_pp	C	C_pp	T	T_pp	G	G_pp	N	N_pp
5	1295080	C	1	1	1	1	0	0	0	0	0	0	0	0	1	1	0	0	0	0	0	0
5	1295081	T	1	1	1	1	0	0	0	0	0	0	0	0	0	0	1	1	0	0	0	0
5	1295082	C	1	1	1	1	0	0	0	0	0	0	0	0	1	1	0	0	0	0	0	0
5	1295083	G	2	2	2	2	0	0	0	0	0	0	0	0	0	0	0	0	2	2	0	0
5	1295084	G	3	3	3	3	0	0	0	0	0	0	0	0	0	0	0	0	3	3	0	0
5	1295085	C	4	4	4	4	0	0	0	0	0	0	0	0	4	4	0	0	0	0	0	0
5	1295086	A	7	7	7	7	0	0	0	0	0	0	7	7	0	0	0	0	0	0	0	0
5	1295087	G	7	7	7	7	0	0	0	0	0	0	0	0	0	0	0	0	7	7	0	0
5	1295088	C	7	7	6	6	1	1	0	0	0	0	0	0	6	6	0	0	1	1	0	0
5	1295089	G	9	9	9	9	0	0	0	0	0	0	0	0	0	0	0	0	9	9	0	0
5	1295090	G	10	10	10	10	0	0	0	0	0	0	0	0	0	0	0	0	10	10	0	0
5	1295091	G	10	10	10	10	0	0	0	0	0	0	0	0	0	0	0	0	10	10	0	0
5	1295092	G	10	10	10	10	0	0	0	0	0	0	0	0	0	0	0	0	10	10	0	0
5	1295093	A	10	10	9	9	1	1	0	0	0	0	9	9	0	0	0	0	1	1	0	0
5	1295094	G	10	10	10	10	0	0	0	0	0	0	0	0	0	0	0	0	10	10	0	0
5	1295095	C	10	10	10	10	0	0	0	0	0	0	0	0	10	10	0	0	0	0	0	0
5	1295096	G	11	11	11	11	0	0	0	0	0	0	0	0	0	0	0	0	11	11	0	0
5	1295097	C	11	11	11	11	0	0	0	0	0	0	0	0	11	11	0	0	0	0	0	0
5	1295098	G	11	11	11	11	0	0	0	0	0	0	0	0	0	0	0	0	11	11	0	0
5	1295099	C	11	11	11	11	0	0	0	0	0	0	0	0	11	11	0	0	0	0	0	0
5	1295100	G	12	12	12	12	0	0	0	0	0	0	0	0	0	0	0	0	12	12	0	0
5	1295101	G	12	12	12	12	0	0	0	0	0	0	0	0	0	0	0	0	12	12	0	0
5	1295102	C	12	12	12	12	0	0	0	0	0	0	0	0	12	12	0	0	0	0	0	0
5	1295103	A	13	13	12	12	1	1	0	0	0	0	12	12	0	0	0	0	0	0	1	1
5	1295104	T	14	14	14	14	0	0	0	0	0	0	0	0	0	0	14	14	0	0	0	0
5	1295105	C	14	14	14	14	0	0	0	0	0	0	0	0	14	14	0	0	0	0	0	0
5	1295106	G	15	15	15	15	0	0	0	0	0	0	0	0	0	0	0	0	15	15	0	0
5	1295107	C	15	15	15	15	0	0	0	0	0	0	0	0	15	15	0	0	0	0	0	0
5	1295108	G	16	16	16	16	0	0	0	0	0	0	0	0	0	0	0	0	16	16	0	0
5	1295109	G	17	17	17	17	0	0	0	0	0	0	0	0	0	0	0	0	17	17	0	0
5	1295110	G	17	17	17	17	0	0	0	0	0	0	0	0	0	0	0	0	17	17	0	0
5	1295111	G	17	17	17	17	0	0	0	0	0	0	0	0	0	0	0	0	17	17	0	0
5	1295112	G	17	17	17	17	0	0	0	0	0	0	0	0	0	0	0	0	17	17	0	0
5	1295113	T	17	17	15	15	2	2	0	0	0	0	0	0	0	0	15	15	2	2	0	0
5	1295114	G	18	18	18	18	0	0	0	0	0	0	0	0	0	0	0	0	18	18	0	0
5	1295115	G	20	20	20	20	0	0	0	0	0	0	0	0	0	0	0	0	20	20	0	0
5	1295116	C	22	22	22	22	0	0	0	0	0	0	0	0	22	22	0	0	0	0	0	0
5	1295117	C	23	23	23	23	0	0	0	0	0	0	0	0	23	23	0	0	0	0	0	0
5	1295118	G	23	23	23	23	0	0	0	0	0	0	0	0	0	0	0	0	23	23	0	0
5	1295119	G	23	23	23	23	0	0	0	0	0	0	0	0	0	0	0	0	23	23	0	0
5	1295120	G	24	24	24	24	0	0	0	0	0	0	0	0	0	0	0	0	24	24	0	0
5	1295121	G	24	24	24	24	0	0	0	0	0	0	0	0	0	0	0	0	24	24	0	0
5	1295122	C	24	24	24	24	0	0	0	0	0	0	0	0	24	24	0	0	0	0	0	0
5	1295123	C	25	25	25	25	0	0	0	0	0	0	0	0	25	25	0	0	0	0	0	0
5	1295124	A	25	25	25	25	0	0	0	0	0	0	25	25	0	0	0	0	0	0	0	0
5	1295125	G	25	25	25	25	0	0	0	0	0	0	0	0	0	0	0	0	25	25	0	0
5	1295126	G	25	25	25	25	0	0	0	0	0	0	0	0	0	0	0	0	25	25	0	0
5	1295127	G	26	26	26	26	0	0	0	0	0	0	0	0	0	0	0	0	26	26	0	0
5	1295128	C	26	26	26	26	0	0	0	0	0	0	0	0	26	26	0	0	0	0	0	0
5	1295129	T	27	27	27	27	0	0	0	0	0	0	0	0	0	0	27	27	0	0	0	0
5	1295130	T	27	27	27	27	0	0	0	0	0	0	0	0	0	0	27	27	0	0	0	0
5	1295131	C	27	27	27	27	0	0	0	0	0	0	0	0	27	27	0	0	0	0	0	0
5	1295132	C	27	27	27	27	0	0	0	0	0	0	0	0	27	27	0	0	0	0	0	0
5	1295133	C	27	27	27	27	0	0	0	0	0	0	0	0	27	27	0	0	0	0	0	0
5	1295134	A	27	27	27	27	0	0	0	0	0	0	27	27	0	0	0	0	0	0	0	0
5	1295135	C	28	28	28	28	0	0	0	0	0	0	0	0	28	28	0	0	0	0	0	0
5	1295136	G	28	28	28	28	0	0	0	0	0	0	0	0	0	0	0	0	28	28	0	0
5	1295137	T	28	28	27	27	1	1	0	0	0	0	0	0	0	0	27	27	1	1	0	0
5	1295138	G	28	28	28	28	0	0	0	0	0	0	0	0	0	0	0	0	28	28	0	0
5	1295139	C	28	28	28	28	0	0	0	0	0	0	0	0	28	28	0	0	0	0	0	0
5	1295140	G	28	28	28	28	0	0	0	0	0	0	0	0	0	0	0	0	28	28	0	0
5	1295141	C	30	30	30	30	0	0	0	0	0	0	0	0	30	30	0	0	0	0	0	0
5	1295142	A	30	30	30	30	0	0	0	0	0	0	30	30	0	0	0	0	0	0	0	0
5	1295143	G	30	30	30	30	0	0	0	0	0	0	0	0	0	0	0	0	30	30	0	0
5	1295144	C	32	32	32	32	0	0	0	0	0	0	0	0	32	32	0	0	0	0	0	0
5	1295145	A	34	34	33	33	1	1	0	0	0	0	33	33	0	0	0	0	1	1	0	0
5	1295146	G	36	36	36	36	0	0	0	0	0	0	0	0	0	0	0	0	36	36	0	0
5	1295147	G	36	36	36	36	0	0	0	0	0	0	0	0	0	0	0	0	36	36	0	0
5	1295148	A	36	36	34	34	2	2	0	0	0	0	34	34	1	1	0	0	1	1	0	0
5	1295149	C	36	36	36	36	0	0	0	0	0	0	0	0	36	36	0	0	0	0	0	0
5	1295150	G	37	37	37	37	0	0	0	0	0	0	0	0	0	0	0	0	37	37	0	0
5	1295151	C	37	37	37	37	0	0	0	0	0	0	0	0	37	37	0	0	0	0	0	0
5	1295152	A	38	38	38	38	0	0	0	0	0	0	38	38	0	0	0	0	0	0	0	0
5	1295153	G	39	39	39	39	0	0	0	0	0	0	0	0	0	0	0	0	39	39	0	0
5	1295154	C	40	40	40	40	0	0	0	0	0	0	0	0	40	40	0	0	0	0	0	0
5	1295155	G	41	41	41	41	0	0	0	0	0	0	0	0	0	0	0	0	41	41	0	0
5	1295156	C	41	41	41	41	0	0	0	0	0	0	0	0	41	41	0	0	0	0	0	0
5	1295157	T	42	42	37	37	5	5	0	0	0	0	0	0	0	0	37	37	5	5	0	0
5	1295158	G	42	42	42	42	0	0	0	0	0	0	0	0	0	0	0	0	42	42	0	0
5	1295159	C	42	42	42	42	0	0	0	0	0	0	0	0	42	42	0	0	0	0	0	0
5	1295160	C	42	42	41	41	1	1	0	0	0	0	0	0	41	41	0	0	1	1	0	0
5	1295161	T	42	42	41	41	1	1	0	0	0	0	0	0	0	0	41	41	1	1	0	0
5	1295162	G	42	42	42	42	0	0	0	0	0	0	0	0	0	0	0	0	42	42	0	0
5	1295163	A	42	42	42	42	0	0	0	0	0	0	42	42	0	0	0	0	0	0	0	0
5	1295164	A	43	43	43	43	0	0	0	0	0	0	43	43	0	0	0	0	0	0	0	0
5	1295165	A	44	44	37	37	7	7	0	0	0	0	37	37	6	6	0	0	1	1	0	0
5	1295166	C	45	45	45	45	0	0	0	0	0	0	0	0	45	45	0	0	0	0	0	0
5	1295167	T	46	46	44	44	2	2	0	0	0	0	0	0	1	1	44	44	1	1	0	0
5	1295168	C	46	46	46	46	0	0	0	0	0	0	0	0	46	46	0	0	0	0	0	0
5	1295169	G	47	47	47	47	0	0	0	0	0	0	0	0	0	0	0	0	47	47	0	0
5	1295170	C	48	48	46	46	2	2	0	0	0	0	0	0	46	46	0	0	2	2	0	0
5	1295171	G	48	48	48	48	0	0	0	0	0	0	0	0	0	0	0	0	48	48	0	0
5	1295172	C	48	48	48	48	0	0	0	0	0	0	0	0	48	48	0	0	0	0	0	0
5	1295173	C	49	49	49	49	0	0	0	0	0	0	0	0	49	49	0	0	0	0	0	0
5	1295174	G	49	49	49	49	0	0	0	0	0	0	0	0	0	0	0	0	49	49	0	0
5	1295175	C	49	49	46	46	3	3	0	0	0	0	0	0	46	46	0	0	3	3	0	0
5	1295176	G	50	50	50	50	0	0	0	0	0	0	0	0	0	0	0	0	50	50	0	0
5	1295177	A	50	50	47	47	3	3	0	0	0	0	47	47	0	0	0	0	3	3	0	0
5	1295178	G	51	51	51	51	0	0	0	0	0	0	0	0	0	0	0	0	51	51	0	0
5	1295179	G	53	53	53	53	0	0	0	0	0	0	0	0	0	0	0	0	53	53	0	0
5	1295180	A	55	55	55	55	0	0	0	0	0	0	55	55	0	0	0	0	0	0	0	0
5	1295181	G	56	56	56	56	0	0	0	0	0	0	0	0	0	0	0	0	56	56	0	0
5	1295182	A	56	56	50	50	6	6	0	0	0	0	50	50	0	0	0	0	6	6	0	0
5	1295183	G	56	56	56	56	0	0	0	0	0	0	0	0	0	0	0	0	56	56	0	0
5	1295184	G	56	56	56	56	0	0	0	0	0	0	0	0	0	0	0	0	56	56	0	0
5	1295185	G	56	56	56	56	0	0	0	0	0	0	0	0	0	0	0	0	56	56	0	0
5	1295186	C	57	57	54	54	3	3	0	0	0	0	0	0	54	54	0	0	3	3	0	0
5	1295187	G	58	58	58	58	0	0	0	0	0	0	0	0	0	0	0	0	58	58	0	0
5	1295188	G	58	58	58	58	0	0	0	0	0	0	0	0	0	0	0	0	58	58	0	0
5	1295189	G	60	60	60	60	0	0	0	0	0	0	0	0	0	0	0	0	60	60	0	0
5	1295190	G	60	60	60	60	0	0	0	0	0	0	0	0	0	0	0	0	60	60	0	0
5	1295191	C	60	60	60	60	0	0	0	0	0	0	0	0	60	60	0	0	0	0	0	0
5	1295192	C	61	61	58	58	3	3	0	0	0	0	0	0	58	58	0	0	3	3	0	0
5	1295193	G	61	61	61	61	0	0	0	0	0	0	0	0	0	0	0	0	61	61	0	0
5	1295194	C	62	62	54	54	8	8	0	0	0	0	0	0	54	54	0	0	8	8	0	0
5	1295195	G	64	64	64	64	0	0	0	0	0	0	0	0	0	0	0	0	64	64	0	0
5	1295196	G	64	64	64	64	0	0	0	0	0	0	0	0	0	0	0	0	64	64	0	0
5	1295197	A	66	66	66	66	0	0	0	0	0	0	66	66	0	0	0	0	0	0	0	0
5	1295198	A	66	66	66	66	0	0	0	0	0	0	66	66	0	0	0	0	0	0	0	0
5	1295199	A	68	68	65	65	3	3	0	0	0	0	65	65	0	0	0	0	3	3	0	0
5	1295200	G	68	68	68	68	0	0	0	0	0	0	0	0	0	0	0	0	68	68	0	0
5	1295201	G	68	68	68	68	0	0	0	0	0	0	0	0	0	0	0	0	68	68	0	0
5	1295202	A	68	68	68	68	0	0	0	0	0	0	68	68	0	0	0	0	0	0	0	0
5	1295203	A	69	69	61	61	8	8	0	0	0	0	61	61	0	0	0	0	8	8	0	0
5	1295204	G	70	70	70	70	0	0	0	0	0	0	0	0	0	0	0	0	70	70	0	0
5	1295205	G	71	71	71	71	0	0	0	0	0	0	0	0	0	0	0	0	71	71	0	0
5	1295206	G	71	71	71	71	0	0	0	0	0	0	0	0	0	0	0	0	71	71	0	0
5	1295207	G	71	71	71	71	0	0	0	0	0	0	0	0	0	0	0	0	71	71	0	0
5	1295208	A	71	71	63	63	8	8	0	0	0	0	63	63	0	0	0	0	8	8	0	0
5	1295209	G	72	72	72	72	0	0	0	0	0	0	0	0	0	0	0	0	72	72	0	0
5	1295210	G	72	72	72	72	0	0	0	0	0	0	0	0	0	0	0	0	72	72	0	0
5	1295211	G	72	72	72	72	0	0	0	0	0	0	0	0	0	0	0	0	72	72	0	0
5	1295212	G	72	72	72	72	0	0	0	0	0	0	0	0	0	0	0	0	72	72	0	0
5	1295213	C	73	73	73	73	0	0	0	0	0	0	0	0	73	73	0	0	0	0	0	0
5	1295214	T	75	75	68	68	7	7	0	0	0	0	0	0	0	0	68	68	7	7	0	0
5	1295215	G	75	75	75	75	0	0	0	0	0	0	0	0	0	0	0	0	75	75	0	0
5	1295216	G	75	75	75	75	0	0	0	0	0	0	0	0	0	0	0	0	75	75	0	0
5	1295217	G	75	75	75	75	0	0	0	0	0	0	0	0	0	0	0	0	75	75	0	0
5	1295218	A	76	76	74	74	2	2	0	0	0	0	74	74	0	0	0	0	2	2	0	0
5	1295219	G	79	79	79	79	0	0	0	0	0	0	0	0	0	0	0	0	79	79	0	0
5	1295220	G	79	79	79	79	0	0	0	0	0	0	0	0	0	0	0	0	79	79	0	0
5	1295221	G	79	79	79	79	0	0	0	0	0	0	0	0	0	0	0	0	79	79	0	0
5	1295222	C	81	81	81	81	0	0	0	0	0	0	0	0	81	81	0	0	0	0	0	0
5	1295223	C	81	81	81	81	0	0	0	0	0	0	0	0	81	81	0	0	0	0	0	0
5	1295224	C	81	81	79	79	2	2	0	0	0	0	0	0	79	79	0	0	2	2	0	0
5	1295225	G	82	82	82	82	0	0	0	0	0	0	0	0	0	0	0	0	82	82	0	0
5	1295226	G	82	82	82	82	0	0	0	0	0	0	0	0	0	0	0	0	82	82	0	0
5	1295227	A	84	84	74	74	10	10	0	0	0	0	74	74	0	0	0	0	10	10	0	0
5	1295228	G	86	86	86	86	0	0	0	0	0	0	0	0	0	0	0	0	86	86	0	0
5	1295229	G	86	86	86	86	0	0	0	0	0	0	0	0	0	0	0	0	86	86	0	0
5	1295230	G	85	85	85	85	0	0	0	0	0	0	0	0	0	0	0	0	85	85	0	0
5	1295231	G	85	85	85	85	0	0	0	0	0	0	0	0	0	0	0	0	85	85	0	0
5	1295232	G	85	85	85	85	0	0	0	0	0	0	0	0	0	0	0	0	85	85	0	0
5	1295233	C	84	84	83	83	1	1	0	0	0	0	0	0	83	83	0	0	1	1	0	0
5	1295234	T	83	83	73	73	10	10	0	0	0	0	0	0	0	0	73	73	10	10	0	0
5	1295235	G	82	82	82	82	0	0	0	0	0	0	0	0	0	0	0	0	82	82	0	0
5	1295236	G	79	79	79	79	0	0	0	0	0	0	0	0	0	0	0	0	79	79	0	0
5	1295237	G	79	79	79	79	0	0	0	0	0	0	0	0	0	0	0	0	79	79	0	0
5	1295238	C	79	79	79	79	0	0	0	0	0	0	0	0	79	79	0	0	0	0	0	0
5	1295239	C	77	77	74	74	3	3	0	0	0	0	0	0	74	74	0	0	3	3	0	0
5	1295240	G	76	76	76	76	0	0	0	0	0	0	0	0	0	0	0	0	76	76	0	0
5	1295241	G	76	76	76	76	0	0	0	0	0	0	0	0	0	0	0	0	76	76	0	0
5	1295242	G	76	76	76	76	0	0	0	0	0	0	0	0	0	0	0	0	76	76	0	0
5	1295243	G	76	76	76	76	0	0	0	0	0	0	0	0	0	0	0	0	76	76	0	0
5	1295244	A	76	76	71	71	5	5	0	0	0	0	71	71	2	2	0	0	3	3	0	0
5	1295245	C	76	76	76	76	0	0	0	0	0	0	0	0	76	76	0	0	0	0	0	0
5	1295246	C	75	75	75	75	0	0	0	0	0	0	0	0	75	75	0	0	0	0	0	0
5	1295247	C	75	75	75	75	0	0	0	0	0	0	0	0	75	75	0	0	0	0	0	0
5	1295248	G	75	75	75	75	0	0	0	0	0	0	0	0	0	0	0	0	75	75	0	0
5	1295249	G	75	75	75	75	0	0	0	0	0	0	0	0	0	0	0	0	75	75	0	0
5	1295250	G	74	74	74	74	0	0	0	0	0	0	0	0	0	0	0	0	74	74	0	0
5	1295251	A	74	74	73	73	1	1	0	0	0	0	73	73	0	0	0	0	1	1	0	0
5	1295252	G	74	74	74	74	0	0	0	0	0	0	0	0	0	0	0	0	74	74	0	0
5	1295253	G	73	73	73	73	0	0	0	0	0	0	0	0	0	0	0	0	73	73	0	0
5	1295254	G	72	72	72	72	0	0	0	0	0	0	0	0	0	0	0	0	72	72	0	0
5	1295255	G	72	72	72	72	0	0	0	0	0	0	0	0	0	0	0	0	72	72	0	0
5	1295256	T	71	71	67	67	4	4	0	0	0	0	0	0	2	2	67	67	2	2	0	0
5	1295257	C	71	71	71	71	0	0	0	0	0	0	0	0	71	71	0	0	0	0	0	0
5	1295258	G	70	70	70	70	0	0	0	0	0	0	0	0	0	0	0	0	70	70	0	0
5	1295259	G	69	69	69	69	0	0	0	0	0	0	0	0	0	0	0	0	69	69	0	0
5	1295260	G	69	69	69	69	0	0	0	0	0	0	0	0	0	0	0	0	69	69	0	0
5	1295261	A	69	69	69	69	0	0	0	0	0	0	69	69	0	0	0	0	0	0	0	0
5	1295262	C	69	69	68	68	1	1	0	0	0	0	0	0	68	68	0	0	1	1	0	0
5	1295263	G	69	69	69	69	0	0	0	0	0	0	0	0	0	0	0	0	69	69	0	0
5	1295264	G	68	68	68	68	0	0	0	0	0	0	0	0	0	0	0	0	68	68	0	0
5	1295265	G	66	66	66	66	0	0	0	0	0	0	0	0	0	0	0	0	66	66	0	0
5	1295266	G	64	64	64	64	0	0	0	0	0	0	0	0	0	0	0	0	64	64	0	0
5	1295267	C	63	63	63	63	0	0	0	0	0	0	0	0	63	63	0	0	0	0	0	0
5	1295268	G	63	63	63	63	0	0	0	0	0	0	0	0	0	0	0	0	63	63	0	0
5	1295269	G	63	63	63	63	0	0	0	0	0	0	0	0	0	0	0	0	63	63	0	0
5	1295270	G	62	62	62	62	0	0	0	0	0	0	0	0	0	0	0	0	62	62	0	0
5	1295271	G	62	62	61	61	1	1	0	0	0	0	0	0	1	1	0	0	61	61	0	0
5	1295272	T	62	62	60	60	2	2	0	0	0	0	0	0	0	0	60	60	2	2	0	0
5	1295273	C	61	61	61	61	0	0	0	0	0	0	0	0	61	61	0	0	0	0	0	0
5	1295274	C	61	61	61	61	0	0	0	0	0	0	0	0	61	61	0	0	0	0	0	0
5	1295275	G	61	61	61	61	0	0	0	0	0	0	0	0	0	0	0	0	61	61	0	0
5	1295276	C	61	61	61	61	0	0	0	0	0	0	0	0	61	61	0	0	0	0	0	0
5	1295277	G	59	59	59	59	0	0	0	0	0	0	0	0	0	0	0	0	59	59	0	0
5	1295278	C	59	59	59	59	0	0	0	0	0	0	0	0	59	59	0	0	0	0	0	0
5	1295279	G	57	57	57	57	0	0	0	0	0	0	0	0	0	0	0	0	57	57	0	0
5	1295280	G	57	57	57	57	0	0	0	0	0	0	0	0	0	0	0	0	57	57	0	0
5	1295281	A	57	57	57	57	0	0	0	0	0	0	57	57	0	0	0	0	0	0	0	0
5	1295282	G	57	57	57	57	0	0	0	0	0	0	0	0	0	0	0	0	57	57	0	0
5	1295283	G	57	57	57	57	0	0	0	0	0	0	0	0	0	0	0	0	57	57	0	0
5	1295284	A	56	56	55	55	1	1	0	0	0	0	55	55	0	0	0	0	1	1	0	0
5	1295285	G	55	55	55	55	0	0	0	0	0	0	0	0	0	0	0	0	55	55	0	0
5	1295286	G	55	55	55	55	0	0	0	0	0	0	0	0	0	0	0	0	55	55	0	0
5	1295287	C	55	55	54	54	1	1	0	0	0	0	1	1	54	54	0	0	0	0	0	0
5	1295288	G	55	55	55	55	0	0	0	0	0	0	0	0	0	0	0	0	55	55	0	0
5	1295289	G	55	55	55	55	0	0	0	0	0	0	0	0	0	0	0	0	55	55	0	0
5	1295290	A	55	55	54	54	1	1	0	0	0	0	54	54	1	1	0	0	0	0	0	0
5	1295291	G	53	53	53	53	0	0	0	0	0	0	0	0	0	0	0	0	53	53	0	0
5	1295292	C	53	53	53	53	0	0	0	0	0	0	0	0	53	53	0	0	0	0	0	0
5	1295293	T	53	53	52	52	1	1	0	0	0	0	0	0	1	1	52	52	0	0	0	0
5	1295294	G	51	51	51	51	0	0	0	0	0	0	0	0	0	0	0	0	51	51	0	0
5	1295295	G	49	49	49	49	0	0	0	0	0	0	0	0	0	0	0	0	49	49	0	0
5	1295296	A	48	48	47	47	1	1	0	0	0	0	47	47	0	0	0	0	1	1	0	0
5	1295297	A	48	48	48	48	0	0	0	0	0	0	48	48	0	0	0	0	0	0	0	0
5	1295298	G	48	48	48	48	0	0	0	0	0	0	0	0	0	0	0	0	48	48	0	0
5	1295299	G	48	48	48	48	0	0	0	0	0	0	0	0	0	0	0	0	48	48	0	0
5	1295300	T	47	47	46	46	1	1	0	0	0	0	0	0	0	0	46	46	1	1	0	0
5	1295301	G	47	47	47	47	0	0	0	0	0	0	0	0	0	0	0	0	47	47	0	0
5	1295302	A	46	46	46	46	0	0	0	0	0	0	46	46	0	0	0	0	0	0	0	0
5	1295303	A	45	45	45	45	0	0	0	0	0	0	45	45	0	0	0	0	0	0	0	0
5	1295304	G	44	44	44	44	0	0	0	0	0	0	0	0	0	0	0	0	44	44	0	0
5	1295305	G	43	43	43	43	0	0	0	0	0	0	0	0	0	0	0	0	43	43	0	0
5	1295306	G	43	43	43	43	0	0	0	0	0	0	0	0	0	0	0	0	43	43	0	0
5	1295307	G	42	42	42	42	0	0	0	0	0	0	0	0	0	0	0	0	42	42	0	0
5	1295308	C	42	42	42	42	0	0	0	0	0	0	0	0	42	42	0	0	0	0	0	0
5	1295309	A	42	42	42	42	0	0	0	0	0	0	42	42	0	0	0	0	0	0	0	0
5	1295310	G	42	42	42	42	0	0	0	0	0	0	0	0	0	0	0	0	42	42	0	0
5	1295311	G	42	42	42	42	0	0	0	0	0	0	0	0	0	0	0	0	42	42	0	0
5	1295312	A	42	42	41	41	1	1	0	0	0	0	41	41	1	1	0	0	0	0	0	0
5	1295313	C	42	42	42	42	0	0	0	0	0	0	0	0	42	42	0	0	0	0	0	0
5	1295314	G	41	41	41	41	0	0	0	0	0	0	0	0	0	0	0	0	41	41	0	0
5	1295315	G	40	40	40	40	0	0	0	0	0	0	0	0	0	0	0	0	40	40	0	0
5	1295316	G	40	40	40	40	0	0	0	0	0	0	0	0	0	0	0	0	40	40	0	0
5	1295317	T	39	39	39	39	0	0	0	0	0	0	0	0	0	0	39	39	0	0	0	0
5	1295318	G	39	39	39	39	0	0	0	0	0	0	0	0	0	0	0	0	39	39	0	0
5	1295319	C	38	38	38	38	0	0	0	0	0	0	0	0	38	38	0	0	0	0	0	0
5	1295320	C	37	37	37	37	0	0	0	0	0	0	0	0	37	37	0	0	0	0	0	0
5	1295321	C	37	37	37	37	0	0	0	0	0	0	0	0	37	37	0	0	0	0	0	0
5	1295322	G	37	37	37	37	0	0	0	0	0	0	0	0	0	0	0	0	37	37	0	0
5	1295323	G	35	35	35	35	0	0	0	0	0	0	0	0	0	0	0	0	35	35	0	0
5	1295324	G	35	35	35	35	0	0	0	0	0	0	0	0	0	0	0	0	35	35	0	0
5	1295325	T	35	35	34	34	1	1	0	0	0	0	0	0	0	0	34	34	1	1	0	0
5	1295326	C	33	33	33	33	0	0	0	0	0	0	0	0	33	33	0	0	0	0	0	0
5	1295327	C	33	33	32	32	1	1	0	0	0	0	1	1	32	32	0	0	0	0	0	0
5	1295328	C	32	32	32	32	0	0	0	0	0	0	0	0	32	32	0	0	0	0	0	0
5	1295329	C	30	30	30	30	0	0	0	0	0	0	0	0	30	30	0	0	0	0	0	0
5	1295330	A	28	28	28	28	0	0	0	0	0	0	28	28	0	0	0	0	0	0	0	0
5	1295331	G	27	27	27	27	0	0	0	0	0	0	0	0	0	0	0	0	27	27	0	0
5	1295332	T	27	27	26	26	1	1	0	0	0	0	0	0	1	1	26	26	0	0	0	0
5	1295333	C	27	27	27	27	0	0	0	0	0	0	0	0	27	27	0	0	0	0	0	0
5	1295334	C	27	27	26	26	1	1	0	0	0	0	0	0	26	26	0	0	1	1	0	0
5	1295335	C	27	27	27	27	0	0	0	0	0	0	0	0	27	27	0	0	0	0	0	0
5	1295336	T	26	26	26	26	0	0	0	0	0	0	0	0	0	0	26	26	0	0	0	0
5	1295337	C	26	26	26	26	0	0	0	0	0	0	0	0	26	26	0	0	0	0	0	0
5	1295338	C	26	26	26	26	0	0	0	0	0	0	0	0	26	26	0	0	0	0	0	0
5	1295339	G	24	24	24	24	0	0	0	0	0	0	0	0	0	0	0	0	24	24	0	0
5	1295340	C	24	24	24	24	0	0	0	0	0	0	0	0	24	24	0	0	0	0	0	0
5	1295341	C	23	23	23	23	0	0	0	0	0	0	0	0	23	23	0	0	0	0	0	0
5	1295342	A	22	22	22	22	0	0	0	0	0	0	22	22	0	0	0	0	0	0	0	0
5	1295343	C	22	22	22	22	0	0	0	0	0	0	0	0	22	22	0	0	0	0	0	0
5	1295344	G	21	21	21	21	0	0	0	0	0	0	0	0	0	0	0	0	21	21	0	0
5	1295345	T	19	19	19	19	0	0	0	0	0	0	0	0	0	0	19	19	0	0	0	0
5	1295346	G	19	19	19	19	0	0	0	0	0	0	0	0	0	0	0	0	19	19	0	0
5	1295347	G	17	17	17	17	0	0	0	0	0	0	0	0	0	0	0	0	17	17	0	0
5	1295348	G	17	17	17	17	0	0	0	0	0	0	0	0	0	0	0	0	17	17	0	0
5	1295349	A	15	15	14	14	1	1	0	0	0	0	14	14	0	0	0	0	1	1	0	0
5	1295350	A	15	15	15	15	0	0	0	0	0	0	15	15	0	0	0	0	0	0	0	0
5	1295351	G	15	15	15	15	0	0	0	0	0	0	0	0	0	0	0	0	15	15	0	0
5	1295352	C	15	15	15	15	0	0	0	0	0	0	0	0	15	15	0	0	0	0	0	0
5	1295353	G	14	14	14	14	0	0	0	0	0	0	0	0	0	0	0	0	14	14	0	0
5	1295354	C	13	13	13	13	0	0	0	0	0	0	0	0	13	13	0	0	0	0	0	0
5	1295355	G	12	12	12	12	0	0	0	0	0	0	0	0	0	0	0	0	12	12	0	0
5	1295356	G	11	11	11	11	0	0	0	0	0	0	0	0	0	0	0	0	11	11	0	0
5	1295357	T	11	11	11	11	0	0	0	0	0	0	0	0	0	0	11	11	0	0	0	0
5	1295358	C	11	11	11	11	0	0	0	0	0	0	0	0	11	11	0	0	0	0	0	0
5	1295359	C	10	10	10	10	0	0	0	0	0	0	0	0	10	10	0	0	0	0	0	0
5	1295360	T	10	10	10	10	0	0	0	0	0	0	0	0	0	0	10	10	0	0	0	0
5	1295361	G	10	10	10	10	0	0	0	0	0	0	0	0	0	0	0	0	10	10	0	0
5	1295362	G	10	10	10	10	0	0	0	0	0	0	0	0	0	0	0	0	10	10	0	0
5	1295363	G	9	9	9	9	0	0	0	0	0	0	0	0	0	0	0	0	9	9	0	0
5	1295364	C	7	7	7	7	0	0	0	0	0	0	0	0	7	7	0	0	0	0	0	0
5	1295365	G	7	7	7	7	0	0	0	0	0	0	0	0	0	0	0	0	7	7	0	0
5	1295366	T	7	7	7	7	0	0	0	0	0	0	0	0	0	0	7	7	0	0	0	0
5	1295367	C	7	7	7	7	0	0	0	0	0	0	0	0	7	7	0	0	0	0	0	0
5	1295368	T	6	6	6	6	0	0	0	0	0	0	0	0	0	0	6	6	0	0	0	0
5	1295369	G	5	5	5	5	0	0	0	0	0	0	0	0	0	0	0	0	5	5	0	0
5	1295370	T	5	5	5	5	0	0	0	0	0	0	0	0	0	0	5	5	0	0	0	0
5	1295371	G	5	5	5	5	0	0	0	0	0	0	0	0	0	0	0	0	5	5	0	0
5	1295372	C	4	4	4	4	0	0	0	0	0	0	0	0	4	4	0	0	0	0	0	0
5	1295373	C	4	4	4	4	0	0	0	0	0	0	0	0	4	4	0	0	0	0	0	0
5	1295374	C	4	4	4	4	0	0	0	0	0	0	0	0	4	4	0	0	0	0	0	0
5	1295375	G	3	3	3	3	0	0	0	0	0	0	0	0	0	0	0	0	3	3	0	0
5	1295376	C	3	3	3	3	0	0	0	0	0	0	0	0	3	3	0	0	0	0	0	0
5	1295377	G	1	1	1	1	0	0	0	0	0	0	0	0	0	0	0	0	1	1	0	0
